Assuming unrestricted shared filesystem usage.
host: kirti-Extensa-215-52
Building DAG of jobs...
Creating conda environment ../envs/featurecounts.yaml...
Downloading and installing remote packages.
Cleaning up conda package tarballs.
Environment for /media/kirti/HD/pipeline/RNASEQ/../envs/featurecounts.yaml created (location: .snakemake/conda/5ac223413ad313e3cac2f4b5413285a4_)
Creating conda environment ../envs/star.yaml...
Downloading and installing remote packages.
Cleaning up conda package tarballs.
Environment for /media/kirti/HD/pipeline/envs/star.yaml created (location: .snakemake/conda/5645ee03c3075eac4c7000c5f594e6ad_)
Using shell: /usr/bin/bash
Provided cores: 8
Rules claiming more threads will be scaled down.
Job stats:
job            count
-----------  -------
all                1
gene_counts        1
star_align         1
total              3

Select jobs to execute...
Execute 1 jobs...
[Thu Jan  8 13:30:07 2026]
localrule star_align:
    input: /media/kirti/HD/pipeline/data/raw/SRR1551114_1.fastq, /media/kirti/HD/pipeline/data/raw/SRR1551114_2.fastq, /media/kirti/HD/pipeline/data/reference/star_index
    output: /media/kirti/HD/pipeline/result/align/SRR1551114.sorted.bam
    jobid: 2
    reason: Missing output files: /media/kirti/HD/pipeline/result/align/SRR1551114.sorted.bam
    wildcards: sample=SRR1551114
    threads: 8
    resources: tmpdir=/tmp
Activating conda environment: .snakemake/conda/5645ee03c3075eac4c7000c5f594e6ad_
[Thu Jan  8 15:13:36 2026]
Finished jobid: 2 (Rule: star_align)
1 of 3 steps (33%) done
Select jobs to execute...
Execute 1 jobs...
[Thu Jan  8 15:13:36 2026]
localrule gene_counts:
    input: /media/kirti/HD/pipeline/result/align/SRR1551114.sorted.bam, /media/kirti/HD/pipeline/data/reference/gencode.v49.primary_assembly.annotation.gtf
    output: /media/kirti/HD/pipeline/result/counts/SRR1551114.counts.txt
    jobid: 1
    reason: Missing output files: /media/kirti/HD/pipeline/result/counts/SRR1551114.counts.txt; Input files updated by another job: /media/kirti/HD/pipeline/result/align/SRR1551114.sorted.bam
    wildcards: sample=SRR1551114
    threads: 4
    resources: tmpdir=/tmp
Activating conda environment: .snakemake/conda/5ac223413ad313e3cac2f4b5413285a4_
[Thu Jan  8 15:14:50 2026]
Finished jobid: 1 (Rule: gene_counts)
2 of 3 steps (67%) done
Select jobs to execute...
Execute 1 jobs...
[Thu Jan  8 15:14:50 2026]
localrule all:
    input: /media/kirti/HD/pipeline/result/counts/SRR1551114.counts.txt
    jobid: 0
    reason: Input files updated by another job: /media/kirti/HD/pipeline/result/counts/SRR1551114.counts.txt
    resources: tmpdir=/tmp
[Thu Jan  8 15:14:50 2026]
Finished jobid: 0 (Rule: all)
3 of 3 steps (100%) done
Complete log(s): /media/kirti/HD/pipeline/RNASEQ/.snakemake/log/2026-01-08T132916.024706.snakemake.log
