STAR version=2.7.10b
STAR compilation time,server,dir=2023-05-25T06:56:23+0000 :/opt/conda/conda-bld/star_1684997536154/work/source
##### Command Line:
/media/kirti/HD/pipeline/RNASEQ/.snakemake/conda/5645ee03c3075eac4c7000c5f594e6ad_/bin/STAR-avx2 --genomeDir /media/kirti/HD/pipeline/data/reference/star_index --readFilesIn /media/kirti/HD/pipeline/data/raw/SRR1551114_1.fastq /media/kirti/HD/pipeline/data/raw/SRR1551114_2.fastq --runThreadN 8 --outSAMtype BAM SortedByCoordinate --outFileNamePrefix results/aligned/SRR1551114.
##### Initial USER parameters from Command Line:
outFileNamePrefix                 results/aligned/SRR1551114.
###### All USER parameters from Command Line:
genomeDir                     /media/kirti/HD/pipeline/data/reference/star_index     ~RE-DEFINED
readFilesIn                   /media/kirti/HD/pipeline/data/raw/SRR1551114_1.fastq   /media/kirti/HD/pipeline/data/raw/SRR1551114_2.fastq        ~RE-DEFINED
runThreadN                    8     ~RE-DEFINED
outSAMtype                    BAM   SortedByCoordinate        ~RE-DEFINED
outFileNamePrefix             results/aligned/SRR1551114.     ~RE-DEFINED
##### Finished reading parameters from all sources

##### Final user re-defined parameters-----------------:
runThreadN                        8
genomeDir                         /media/kirti/HD/pipeline/data/reference/star_index
readFilesIn                       /media/kirti/HD/pipeline/data/raw/SRR1551114_1.fastq   /media/kirti/HD/pipeline/data/raw/SRR1551114_2.fastq   
outFileNamePrefix                 results/aligned/SRR1551114.
outSAMtype                        BAM   SortedByCoordinate   

-------------------------------
##### Final effective command line:
/media/kirti/HD/pipeline/RNASEQ/.snakemake/conda/5645ee03c3075eac4c7000c5f594e6ad_/bin/STAR-avx2   --runThreadN 8   --genomeDir /media/kirti/HD/pipeline/data/reference/star_index   --readFilesIn /media/kirti/HD/pipeline/data/raw/SRR1551114_1.fastq   /media/kirti/HD/pipeline/data/raw/SRR1551114_2.fastq      --outFileNamePrefix results/aligned/SRR1551114.   --outSAMtype BAM   SortedByCoordinate   
----------------------------------------

Number of fastq files for each mate = 1
ParametersSolo: --soloCellFilterType CellRanger2.2 filtering parameters:  3000 0.99 10
WARNING: --limitBAMsortRAM=0, will use genome size as RAM limit for BAM sorting
Finished loading and checking parameters
Reading genome generation parameters:
### /media/kirti/HD/pipeline/RNASEQ/.snakemake/conda/5645ee03c3075eac4c7000c5f594e6ad_/bin/STAR-avx2   --runMode genomeGenerate      --runThreadN 4   --genomeDir /media/kirti/HD/pipeline/data/reference/star_index   --genomeFastaFiles /media/kirti/HD/pipeline/data/reference/chr1.fa      --sjdbGTFfile /media/kirti/HD/pipeline/data/reference/gencode.v49.primary_assembly.annotation.gtf   --sjdbOverhang 100
### GstrandBit=32
versionGenome                 2.7.4a     ~RE-DEFINED
genomeType                    Full     ~RE-DEFINED
genomeFastaFiles              /media/kirti/HD/pipeline/data/reference/chr1.fa        ~RE-DEFINED
genomeSAindexNbases           14     ~RE-DEFINED
genomeChrBinNbits             18     ~RE-DEFINED
genomeSAsparseD               1     ~RE-DEFINED
genomeTransformType           None     ~RE-DEFINED
genomeTransformVCF            -     ~RE-DEFINED
sjdbOverhang                  100     ~RE-DEFINED
sjdbFileChrStartEnd           -        ~RE-DEFINED
sjdbGTFfile                   /media/kirti/HD/pipeline/data/reference/gencode.v49.primary_assembly.annotation.gtf     ~RE-DEFINED
sjdbGTFchrPrefix              -     ~RE-DEFINED
sjdbGTFfeatureExon            exon     ~RE-DEFINED
sjdbGTFtagExonParentTranscripttranscript_id     ~RE-DEFINED
sjdbGTFtagExonParentGene      gene_id     ~RE-DEFINED
sjdbInsertSave                Basic     ~RE-DEFINED
genomeFileSizes               260998511   1999661502        ~RE-DEFINED
Genome version is compatible with current STAR
Number of real (reference) chromosomes= 1
1	chr1	248956422	0
--sjdbOverhang = 100 taken from the generated genome
Started loading the genome: Wed Jan  7 23:53:47 2026

Genome: size given as a parameter = 260998511
SA: size given as a parameter = 1999661502
SAindex: size given as a parameter = 1
Read from SAindex: pGe.gSAindexNbases=14  nSAi=357913940
nGenome=260998511;  nSAbyte=1999661502
GstrandBit=32   SA number of indices=484766424
Shared memory is not used for genomes. Allocated a private copy of the genome.
Genome file size: 260998511 bytes; state: good=1 eof=0 fail=0 bad=0
Loading Genome ... done! state: good=1 eof=0 fail=0 bad=0; loaded 260998511 bytes
SA file size: 1999661502 bytes; state: good=1 eof=0 fail=0 bad=0
Loading SA ... done! state: good=1 eof=0 fail=0 bad=0; loaded 1999661502 bytes
Loading SAindex ... done: 1565873619 bytes
Finished loading the genome: Wed Jan  7 23:54:57 2026

Processing splice junctions database sjdbN=59511,   pGe.sjdbOverhang=100 
alignIntronMax=alignMatesGapMax=0, the max intron size will be approximately determined by (2^winBinNbits)*winAnchorDistNbins=589824
Created thread # 1
Created thread # 2
Created thread # 3
Created thread # 4
Created thread # 5
Created thread # 6
Created thread # 7
BAM sorting: 307818 mapped reads
BAM sorting bins genomic start loci:
1	0	491456
2	0	631206
3	0	632831
4	0	634714
5	0	1751984
6	0	8868009
7	0	13116166
8	0	19608163
9	0	24536096
10	0	26855164
11	0	28335730
12	0	32775904
13	0	36469694
14	0	40070480
15	0	42500208
16	0	45567733
17	0	54040755
18	0	75794684
19	0	89117063
20	0	91387483
21	0	96447368
22	0	96448277
23	0	103655798
24	0	110344922
25	0	116764521
26	0	145164291
27	0	146160805
28	0	150054213
29	0	151059500
30	0	153360650
31	0	153390452
32	0	154215048
33	0	156250988
34	0	159919799
35	0	161526437
36	0	161672982
37	0	169691559
38	0	179095693
39	0	191145824
40	0	201201076
41	0	203853156
42	0	207794403
43	0	217850557
44	0	223951037
45	0	227967689
46	0	234605383
47	0	237603204
48	0	241993829
Thread #5 end of input stream, nextChar=-1
Completed: thread #3
Completed: thread #4
Completed: thread #7
Completed: thread #6
Completed: thread #2
Completed: thread #0
Completed: thread #5
Completed: thread #1
Joined thread # 1
Joined thread # 2
Joined thread # 3
Joined thread # 4
Joined thread # 5
Joined thread # 6
Joined thread # 7
Jan 08 01:24:38 ..... finished mapping
RAM after mapping:
VmPeak:	 5572000 kB; VmSize:	 5454836 kB; VmHWM:	 5007148 kB; VmRSS:	 4402368 kB; 
RAM after freeing genome index memory:
VmPeak:	 5572000 kB; VmSize:	 1717980 kB; VmHWM:	 5007148 kB; VmRSS:	  683844 kB; 
Jan 08 01:24:39 ..... started sorting BAM
Max memory needed for sorting = 49303421
ALL DONE!
