           Time    Speed        Read     Read   Mapped   Mapped   Mapped   Mapped Unmapped Unmapped Unmapped Unmapped
                    M/hr      number   length   unique   length   MMrate    multi   multi+       MM    short    other
Jan 07 23:57:35      2.5      111185      100    18.5%     98.4     1.9%     1.2%     0.0%     0.0%    80.2%     0.0%
Jan 08 00:00:25     11.0     1002289      100    18.6%     98.4     1.9%     1.2%     0.0%     0.0%    80.2%     0.0%
Jan 08 00:03:11     13.7     1878689      100    18.5%     98.4     1.9%     1.1%     0.0%     0.0%    80.3%     0.0%
Jan 08 00:05:52     15.1     2755089      100    18.5%     98.4     1.9%     1.1%     0.0%     0.0%    80.3%     0.0%
Jan 08 00:08:36     16.0     3631489      100    18.5%     98.4     1.9%     1.1%     0.0%     0.0%    80.3%     0.0%
Jan 08 00:11:21     16.5     4507889      100    18.5%     98.4     1.9%     1.1%     0.0%     0.0%    80.3%     0.0%
Jan 08 00:14:05     16.9     5384289      100    18.5%     98.4     1.9%     1.1%     0.0%     0.0%    80.3%     0.0%
Jan 08 00:16:46     17.2     6260689      100    18.5%     98.4     1.9%     1.1%     0.0%     0.0%    80.3%     0.0%
Jan 08 00:19:31     17.4     7137089      100    18.5%     98.4     1.9%     1.1%     0.0%     0.0%    80.3%     0.0%
Jan 08 00:22:16     17.6     8013489      100    18.5%     98.4     1.9%     1.1%     0.0%     0.0%    80.3%     0.0%
Jan 08 00:24:58     17.8     8889889      100    18.5%     98.4     1.9%     1.1%     0.0%     0.0%    80.3%     0.0%
Jan 08 00:27:41     17.9     9766289      100    18.5%     98.4     1.9%     1.1%     0.0%     0.0%    80.3%     0.0%
Jan 08 00:30:21     18.0    10633373      100    18.5%     98.4     1.9%     1.1%     0.0%     0.0%    80.3%     0.0%
Jan 08 00:33:00     18.1    11497069      100    18.5%     98.4     1.9%     1.1%     0.0%     0.0%    80.3%     0.0%
Jan 08 00:35:37     18.2    12360765      100    18.5%     98.4     1.9%     1.1%     0.0%     0.0%    80.3%     0.0%
Jan 08 00:38:17     18.3    13224461      100    18.5%     98.4     1.9%     1.1%     0.0%     0.0%    80.3%     0.0%
Jan 08 00:40:55     18.4    14088157      100    18.5%     98.4     1.9%     1.1%     0.0%     0.0%    80.3%     0.0%
Jan 08 00:43:35     18.4    14951853      100    18.5%     98.4     1.9%     1.1%     0.0%     0.0%    80.3%     0.0%
Jan 08 00:46:14     18.5    15815549      100    18.5%     98.4     1.9%     1.1%     0.0%     0.0%    80.3%     0.0%
Jan 08 00:48:53     18.6    16679245      100    18.5%     98.4     1.9%     1.1%     0.0%     0.0%    80.3%     0.0%
Jan 08 00:51:33     18.6    17542941      100    18.5%     98.4     1.9%     1.1%     0.0%     0.0%    80.3%     0.0%
Jan 08 00:54:13     18.6    18406637      100    18.5%     98.4     1.9%     1.1%     0.0%     0.0%    80.3%     0.0%
Jan 08 00:56:52     18.7    19270333      100    18.5%     98.4     1.9%     1.1%     0.0%     0.0%    80.3%     0.0%
Jan 08 00:59:33     18.7    20134029      100    18.5%     98.4     1.9%     1.1%     0.0%     0.0%    80.3%     0.0%
Jan 08 01:02:10     18.7    20997725      100    18.5%     98.4     1.9%     1.1%     0.0%     0.0%    80.3%     0.0%
Jan 08 01:04:54     18.8    21861421      100    18.5%     98.4     1.9%     1.1%     0.0%     0.0%    80.3%     0.0%
Jan 08 01:07:32     18.8    22725117      100    18.5%     98.4     1.9%     1.1%     0.0%     0.0%    80.3%     0.0%
Jan 08 01:10:11     18.8    23588813      100    18.5%     98.4     1.9%     1.1%     0.0%     0.0%    80.3%     0.0%
Jan 08 01:12:48     18.8    24452509      100    18.5%     98.4     1.9%     1.1%     0.0%     0.0%    80.3%     0.0%
Jan 08 01:15:30     18.9    25316205      100    18.5%     98.4     1.9%     1.1%     0.0%     0.0%    80.3%     0.0%
Jan 08 01:18:09     18.9    26179901      100    18.5%     98.4     1.9%     1.1%     0.0%     0.0%    80.3%     0.0%
Jan 08 01:20:49     18.9    27043597      100    18.5%     98.4     1.9%     1.1%     0.0%     0.0%    80.3%     0.0%
Jan 08 01:23:31     18.9    27907293      100    18.5%     98.4     1.9%     1.1%     0.0%     0.0%    80.3%     0.0%
Jan 08 01:24:36     19.3    28766847      100    18.5%     98.4     1.9%     1.1%     0.0%     0.0%    80.3%     0.0%
Jan 08 01:25:53     19.1    28874809      100    18.5%     98.4     1.9%     1.1%     0.0%     0.0%    80.3%     0.0%
ALL DONE!
