                                 Started job on |	Jan 07 23:53:47
                             Started mapping on |	Jan 07 23:54:57
                                    Finished on |	Jan 08 01:25:53
       Mapping speed, Million of reads per hour |	19.05

                          Number of input reads |	28874809
                      Average input read length |	100
                                    UNIQUE READS:
                   Uniquely mapped reads number |	5340422
                        Uniquely mapped reads % |	18.50%
                          Average mapped length |	98.35
                       Number of splices: Total |	816197
            Number of splices: Annotated (sjdb) |	792446
                       Number of splices: GT/AG |	804835
                       Number of splices: GC/AG |	4396
                       Number of splices: AT/AC |	962
               Number of splices: Non-canonical |	6004
                      Mismatch rate per base, % |	1.91%
                         Deletion rate per base |	0.01%
                        Deletion average length |	1.51
                        Insertion rate per base |	0.01%
                       Insertion average length |	1.55
                             MULTI-MAPPING READS:
        Number of reads mapped to multiple loci |	328412
             % of reads mapped to multiple loci |	1.14%
        Number of reads mapped to too many loci |	9295
             % of reads mapped to too many loci |	0.03%
                                  UNMAPPED READS:
  Number of reads unmapped: too many mismatches |	0
       % of reads unmapped: too many mismatches |	0.00%
            Number of reads unmapped: too short |	23191665
                 % of reads unmapped: too short |	80.32%
                Number of reads unmapped: other |	5015
                     % of reads unmapped: other |	0.02%
                                  CHIMERIC READS:
                       Number of chimeric reads |	0
                            % of chimeric reads |	0.00%
